#
# There is insufficient memory for the Java Runtime Environment to continue.
# Native memory allocation (malloc) failed to allocate 929136 bytes for Chunk::new
# Possible reasons:
#   The system is out of physical RAM or swap space
#   In 32 bit mode, the process size limit was hit
# Possible solutions:
#   Reduce memory load on the system
#   Increase physical memory or swap space
#   Check if swap backing store is full
#   Use 64 bit Java on a 64 bit OS
#   Decrease Java heap size (-Xmx/-Xms)
#   Decrease number of Java threads
#   Decrease Java thread stack sizes (-Xss)
#   Set larger code cache with -XX:ReservedCodeCacheSize=
# This output file may be truncated or incomplete.
#
#  Out of Memory Error (allocation.cpp:390), pid=22012, tid=0x00000000000003dc
#
# JRE version: OpenJDK Runtime Environment (8.0_152-b01) (build 1.8.0_152-release-1248-b01)
# Java VM: OpenJDK 64-Bit Server VM (25.152-b01 mixed mode windows-amd64 compressed oops)
# Failed to write core dump. Minidumps are not enabled by default on client versions of Windows
#

---------------  T H R E A D  ---------------

Current thread (0x000000001a6d5800):  JavaThread "C2 CompilerThread1" daemon [_thread_in_native, id=988, stack(0x000000001b490000,0x000000001b590000)]

Stack: [0x000000001b490000,0x000000001b590000]
[error occurred during error reporting (printing stack bounds), id 0xc0000005]

Native frames: (J=compiled Java code, j=interpreted, Vv=VM code, C=native code)


Current CompileTask:
C2: 139826 13278       4       com.sun.org.apache.xerces.internal.impl.xs.models.XSDFACM::calcFollowList (227 bytes)


---------------  P R O C E S S  ---------------

Java Threads: ( => current thread )
  0x000000001ebb3000 JavaThread "Okio Watchdog" daemon [_thread_blocked, id=47960, stack(0x000000002aef0000,0x000000002aff0000)]
  0x000000001d526800 JavaThread "OkHttp ConnectionPool" daemon [_thread_blocked, id=6992, stack(0x000000002adf0000,0x000000002aef0000)]
  0x000000001d527000 JavaThread "pool-3-thread-9" [_thread_blocked, id=20976, stack(0x000000002a9f0000,0x000000002aaf0000)]
  0x000000001d525800 JavaThread "pool-3-thread-8" [_thread_blocked, id=23408, stack(0x000000002a8f0000,0x000000002a9f0000)]
  0x000000001d522800 JavaThread "pool-3-thread-7" [_thread_blocked, id=42300, stack(0x000000002a7f0000,0x000000002a8f0000)]
  0x000000001d529800 JavaThread "pool-3-thread-6" [_thread_blocked, id=9904, stack(0x000000002a6f0000,0x000000002a7f0000)]
  0x000000001d525000 JavaThread "pool-3-thread-5" [_thread_blocked, id=30812, stack(0x000000002a5f0000,0x000000002a6f0000)]
  0x000000001d524000 JavaThread "pool-3-thread-4" [_thread_in_native, id=43560, stack(0x000000002a4f0000,0x000000002a5f0000)]
  0x000000001d528000 JavaThread "pool-3-thread-3" [_thread_blocked, id=46060, stack(0x000000002a3f0000,0x000000002a4f0000)]
  0x000000001d528800 JavaThread "pool-3-thread-2" [_thread_blocked, id=50524, stack(0x000000002a2f0000,0x000000002a3f0000)]
  0x000000001d523800 JavaThread "pool-3-thread-1" [_thread_blocked, id=19392, stack(0x000000002a1f0000,0x000000002a2f0000)]
  0x000000001f90a000 JavaThread "Log4j2-TF-1-AsyncLogger[AsyncContext@ca27722]-1" daemon [_thread_blocked, id=37100, stack(0x0000000021b40000,0x0000000021c40000)]
  0x000000001a6de800 JavaThread "Service Thread" daemon [_thread_blocked, id=36740, stack(0x000000001b790000,0x000000001b890000)]
  0x000000001a6db000 JavaThread "C1 CompilerThread3" daemon [_thread_blocked, id=38696, stack(0x000000001b690000,0x000000001b790000)]
  0x000000001a6da000 JavaThread "C2 CompilerThread2" daemon [_thread_blocked, id=44168, stack(0x000000001b590000,0x000000001b690000)]
=>0x000000001a6d5800 JavaThread "C2 CompilerThread1" daemon [_thread_in_native, id=988, stack(0x000000001b490000,0x000000001b590000)]
  0x000000001a67b000 JavaThread "C2 CompilerThread0" daemon [_thread_in_native, id=33544, stack(0x000000001b390000,0x000000001b490000)]
  0x000000001a66e800 JavaThread "JDWP Event Helper Thread" daemon [_thread_blocked, id=48992, stack(0x000000001b290000,0x000000001b390000)]
  0x000000001a66c000 JavaThread "JDWP Transport Listener: dt_socket" daemon [_thread_in_native, id=15424, stack(0x000000001b190000,0x000000001b290000)]
  0x000000001a659800 JavaThread "Attach Listener" daemon [_thread_blocked, id=11200, stack(0x000000001ad50000,0x000000001ae50000)]
  0x000000001a658000 JavaThread "Signal Dispatcher" daemon [_thread_blocked, id=20072, stack(0x000000001ac50000,0x000000001ad50000)]
  0x000000001a650800 JavaThread "Finalizer" daemon [_thread_blocked, id=5556, stack(0x000000001aa30000,0x000000001ab30000)]
  0x0000000004976800 JavaThread "Reference Handler" daemon [_thread_blocked, id=7836, stack(0x000000001a530000,0x000000001a630000)]
  0x0000000004883800 JavaThread "main" [_thread_blocked, id=34764, stack(0x0000000004730000,0x0000000004830000)]

Other Threads:
  0x0000000018738000 VMThread [stack: 0x000000001a430000,0x000000001a530000] [id=30776]
  0x000000001a6e0800 WatcherThread [stack: 0x000000001b890000,0x000000001b990000] [id=32012]

VM state:not at safepoint (normal execution)

VM Mutex/Monitor currently owned by a thread: None

Heap:
 PSYoungGen      total 127488K, used 35253K [0x00000000e0000000, 0x00000000e9880000, 0x0000000100000000)
  eden space 102912K, 25% used [0x00000000e0000000,0x00000000e1986188,0x00000000e6480000)
  from space 24576K, 37% used [0x00000000e8080000,0x00000000e8967330,0x00000000e9880000)
  to   space 26624K, 0% used [0x00000000e6480000,0x00000000e6480000,0x00000000e7e80000)
 ParOldGen       total 116224K, used 64147K [0x00000000a0000000, 0x00000000a7180000, 0x00000000e0000000)
  object space 116224K, 55% used [0x00000000a0000000,0x00000000a3ea4da0,0x00000000a7180000)
 Metaspace       used 84450K, capacity 93890K, committed 94080K, reserved 1132544K
  class space    used 10986K, capacity 11599K, committed 11648K, reserved 1048576K

Card table byte_map: [0x0000000013d40000,0x0000000014050000] byte_map_base: 0x0000000013840000

Marking Bits: (ParMarkBitMap*) 0x000000005fb35aa0
 Begin Bits: [0x0000000014a50000, 0x0000000016250000)
 End Bits:   [0x0000000016250000, 0x0000000017a50000)

Polling page: 0x0000000002860000

CodeCache: size=245760Kb used=42252Kb max_used=42267Kb free=203507Kb
 bounds [0x0000000004980000, 0x0000000007300000, 0x0000000013980000]
 total_blobs=11773 nmethods=11101 adapters=587
 compilation: enabled

Compilation events (10 events):
Event: 139.539 Thread 0x000000001a6db000 13274       3       java.security.MessageDigest::<init> (15 bytes)
Event: 139.539 Thread 0x000000001a6db000 nmethod 13274 0x0000000006cb2f50 code [0x0000000006cb30c0, 0x0000000006cb32f0]
Event: 139.540 Thread 0x000000001a67b000 13275       4       java.util.Collections$UnmodifiableMap::equals (24 bytes)
Event: 139.554 Thread 0x000000001a6db000 13276       1       org.apache.ivy.core.resolve.ResolveOptions::isUseCacheOnly (5 bytes)
Event: 139.555 Thread 0x000000001a6db000 nmethod 13276 0x0000000006cb2c90 code [0x0000000006cb2de0, 0x0000000006cb2ef0]
Event: 139.561 Thread 0x000000001a6da000 13277       4       com.sun.org.apache.xerces.internal.impl.xs.models.XSDFACM::postTreeBuildInit (175 bytes)
Event: 139.561 Thread 0x000000001a6d5800 13278       4       com.sun.org.apache.xerces.internal.impl.xs.models.XSDFACM::calcFollowList (227 bytes)
Event: 139.567 Thread 0x000000001a67b000 nmethod 13275 0x00000000072ebb50 code [0x00000000072ebd60, 0x00000000072ed028]
Event: 139.578 Thread 0x000000001a6da000 nmethod 13277 0x00000000072ee110 code [0x00000000072ee3c0, 0x00000000072ef6a0]
Event: 139.650 Thread 0x000000001a67b000 13279 %     4       org.apache.ivy.core.IvyPatternHelper::substituteTokens @ 143 (698 bytes)

GC Heap History (10 events):
Event: 118.039 GC heap before
{Heap before GC invocations=15 (full 3):
 PSYoungGen      total 72192K, used 56832K [0x00000000e0000000, 0x00000000e7580000, 0x0000000100000000)
  eden space 56832K, 100% used [0x00000000e0000000,0x00000000e3780000,0x00000000e3780000)
  from space 15360K, 0% used [0x00000000e3780000,0x00000000e3780000,0x00000000e4680000)
  to   space 18432K, 0% used [0x00000000e6380000,0x00000000e6380000,0x00000000e7580000)
 ParOldGen       total 116224K, used 28206K [0x00000000a0000000, 0x00000000a7180000, 0x00000000e0000000)
  object space 116224K, 24% used [0x00000000a0000000,0x00000000a1b8b960,0x00000000a7180000)
 Metaspace       used 60865K, capacity 64742K, committed 64896K, reserved 1105920K
  class space    used 7630K, capacity 7983K, committed 8064K, reserved 1048576K
Event: 118.099 GC heap after
Heap after GC invocations=15 (full 3):
 PSYoungGen      total 89088K, used 18409K [0x00000000e0000000, 0x00000000e7580000, 0x0000000100000000)
  eden space 70656K, 0% used [0x00000000e0000000,0x00000000e0000000,0x00000000e4500000)
  from space 18432K, 99% used [0x00000000e6380000,0x00000000e757a700,0x00000000e7580000)
  to   space 20992K, 0% used [0x00000000e4c80000,0x00000000e4c80000,0x00000000e6100000)
 ParOldGen       total 116224K, used 30105K [0x00000000a0000000, 0x00000000a7180000, 0x00000000e0000000)
  object space 116224K, 25% used [0x00000000a0000000,0x00000000a1d667f8,0x00000000a7180000)
 Metaspace       used 60865K, capacity 64742K, committed 64896K, reserved 1105920K
  class space    used 7630K, capacity 7983K, committed 8064K, reserved 1048576K
}
Event: 123.703 GC heap before
{Heap before GC invocations=16 (full 3):
 PSYoungGen      total 89088K, used 89065K [0x00000000e0000000, 0x00000000e7580000, 0x0000000100000000)
  eden space 70656K, 100% used [0x00000000e0000000,0x00000000e4500000,0x00000000e4500000)
  from space 18432K, 99% used [0x00000000e6380000,0x00000000e757a700,0x00000000e7580000)
  to   space 20992K, 0% used [0x00000000e4c80000,0x00000000e4c80000,0x00000000e6100000)
 ParOldGen       total 116224K, used 30105K [0x00000000a0000000, 0x00000000a7180000, 0x00000000e0000000)
  object space 116224K, 25% used [0x00000000a0000000,0x00000000a1d667f8,0x00000000a7180000)
 Metaspace       used 67652K, capacity 73132K, committed 73344K, reserved 1114112K
  class space    used 8506K, capacity 8968K, committed 9088K, reserved 1048576K
Event: 123.796 GC heap after
Heap after GC invocations=16 (full 3):
 PSYoungGen      total 99328K, used 14754K [0x00000000e0000000, 0x00000000e7f80000, 0x0000000100000000)
  eden space 78336K, 0% used [0x00000000e0000000,0x00000000e0000000,0x00000000e4c80000)
  from space 20992K, 70% used [0x00000000e4c80000,0x00000000e5ae8af0,0x00000000e6100000)
  to   space 21504K, 0% used [0x00000000e6a80000,0x00000000e6a80000,0x00000000e7f80000)
 ParOldGen       total 116224K, used 45521K [0x00000000a0000000, 0x00000000a7180000, 0x00000000e0000000)
  object space 116224K, 39% used [0x00000000a0000000,0x00000000a2c744b8,0x00000000a7180000)
 Metaspace       used 67652K, capacity 73132K, committed 73344K, reserved 1114112K
  class space    used 8506K, capacity 8968K, committed 9088K, reserved 1048576K
}
Event: 128.325 GC heap before
{Heap before GC invocations=17 (full 3):
 PSYoungGen      total 99328K, used 93090K [0x00000000e0000000, 0x00000000e7f80000, 0x0000000100000000)
  eden space 78336K, 100% used [0x00000000e0000000,0x00000000e4c80000,0x00000000e4c80000)
  from space 20992K, 70% used [0x00000000e4c80000,0x00000000e5ae8af0,0x00000000e6100000)
  to   space 21504K, 0% used [0x00000000e6a80000,0x00000000e6a80000,0x00000000e7f80000)
 ParOldGen       total 116224K, used 45521K [0x00000000a0000000, 0x00000000a7180000, 0x00000000e0000000)
  object space 116224K, 39% used [0x00000000a0000000,0x00000000a2c744b8,0x00000000a7180000)
 Metaspace       used 75007K, capacity 83214K, committed 83328K, reserved 1122304K
  class space    used 9744K, capacity 10320K, committed 10368K, reserved 1048576K
Event: 128.344 GC heap after
Heap after GC invocations=17 (full 3):
 PSYoungGen      total 107520K, used 18786K [0x00000000e0000000, 0x00000000e8900000, 0x0000000100000000)
  eden space 86016K, 0% used [0x00000000e0000000,0x00000000e0000000,0x00000000e5400000)
  from space 21504K, 87% used [0x00000000e6a80000,0x00000000e7cd8bb0,0x00000000e7f80000)
  to   space 23040K, 0% used [0x00000000e5400000,0x00000000e5400000,0x00000000e6a80000)
 ParOldGen       total 116224K, used 45529K [0x00000000a0000000, 0x00000000a7180000, 0x00000000e0000000)
  object space 116224K, 39% used [0x00000000a0000000,0x00000000a2c764b8,0x00000000a7180000)
 Metaspace       used 75007K, capacity 83214K, committed 83328K, reserved 1122304K
  class space    used 9744K, capacity 10320K, committed 10368K, reserved 1048576K
}
Event: 130.218 GC heap before
{Heap before GC invocations=18 (full 3):
 PSYoungGen      total 107520K, used 104802K [0x00000000e0000000, 0x00000000e8900000, 0x0000000100000000)
  eden space 86016K, 100% used [0x00000000e0000000,0x00000000e5400000,0x00000000e5400000)
  from space 21504K, 87% used [0x00000000e6a80000,0x00000000e7cd8bb0,0x00000000e7f80000)
  to   space 23040K, 0% used [0x00000000e5400000,0x00000000e5400000,0x00000000e6a80000)
 ParOldGen       total 116224K, used 45529K [0x00000000a0000000, 0x00000000a7180000, 0x00000000e0000000)
  object space 116224K, 39% used [0x00000000a0000000,0x00000000a2c764b8,0x00000000a7180000)
 Metaspace       used 78767K, capacity 87712K, committed 88064K, reserved 1126400K
  class space    used 10319K, capacity 10909K, committed 11008K, reserved 1048576K
Event: 130.259 GC heap after
Heap after GC invocations=18 (full 3):
 PSYoungGen      total 109056K, used 23016K [0x00000000e0000000, 0x00000000e9b00000, 0x0000000100000000)
  eden space 86016K, 0% used [0x00000000e0000000,0x00000000e0000000,0x00000000e5400000)
  from space 23040K, 99% used [0x00000000e5400000,0x00000000e6a7a308,0x00000000e6a80000)
  to   space 27136K, 0% used [0x00000000e8080000,0x00000000e8080000,0x00000000e9b00000)
 ParOldGen       total 116224K, used 48941K [0x00000000a0000000, 0x00000000a7180000, 0x00000000e0000000)
  object space 116224K, 42% used [0x00000000a0000000,0x00000000a2fcb708,0x00000000a7180000)
 Metaspace       used 78767K, capacity 87712K, committed 88064K, reserved 1126400K
  class space    used 10319K, capacity 10909K, committed 11008K, reserved 1048576K
}
Event: 137.193 GC heap before
{Heap before GC invocations=19 (full 3):
 PSYoungGen      total 109056K, used 109032K [0x00000000e0000000, 0x00000000e9b00000, 0x0000000100000000)
  eden space 86016K, 100% used [0x00000000e0000000,0x00000000e5400000,0x00000000e5400000)
  from space 23040K, 99% used [0x00000000e5400000,0x00000000e6a7a308,0x00000000e6a80000)
  to   space 27136K, 0% used [0x00000000e8080000,0x00000000e8080000,0x00000000e9b00000)
 ParOldGen       total 116224K, used 48941K [0x00000000a0000000, 0x00000000a7180000, 0x00000000e0000000)
  object space 116224K, 42% used [0x00000000a0000000,0x00000000a2fcb708,0x00000000a7180000)
 Metaspace       used 84297K, capacity 93692K, committed 93824K, reserved 1132544K
  class space    used 10977K, capacity 11598K, committed 11648K, reserved 1048576K
Event: 137.247 GC heap after
Heap after GC invocations=19 (full 3):
 PSYoungGen      total 127488K, used 9116K [0x00000000e0000000, 0x00000000e9880000, 0x0000000100000000)
  eden space 102912K, 0% used [0x00000000e0000000,0x00000000e0000000,0x00000000e6480000)
  from space 24576K, 37% used [0x00000000e8080000,0x00000000e8967330,0x00000000e9880000)
  to   space 26624K, 0% used [0x00000000e6480000,0x00000000e6480000,0x00000000e7e80000)
 ParOldGen       total 116224K, used 64147K [0x00000000a0000000, 0x00000000a7180000, 0x00000000e0000000)
  object space 116224K, 55% used [0x00000000a0000000,0x00000000a3ea4da0,0x00000000a7180000)
 Metaspace       used 84297K, capacity 93692K, committed 93824K, reserved 1132544K
  class space    used 10977K, capacity 11598K, committed 11648K, reserved 1048576K
}

Deoptimization events (10 events):
Event: 133.840 Thread 0x000000001d524000 Uncommon trap: reason=class_check action=maybe_recompile pc=0x00000000062ef9d0 method=scala.collection.immutable.Range.foreach(Lscala/Function1;)V @ 17
Event: 133.846 Thread 0x000000001d524000 Uncommon trap: reason=class_check action=maybe_recompile pc=0x00000000062ef9d0 method=scala.collection.immutable.Range.foreach(Lscala/Function1;)V @ 17
Event: 133.867 Thread 0x000000001d524000 Uncommon trap: reason=class_check action=maybe_recompile pc=0x00000000062ef9d0 method=scala.collection.immutable.Range.foreach(Lscala/Function1;)V @ 17
Event: 135.054 Thread 0x000000001d524000 Uncommon trap: reason=bimorphic action=maybe_recompile pc=0x0000000004f15928 method=java.util.Properties.load0(Ljava/util/Properties$LineReader;)V @ 242
Event: 135.079 Thread 0x000000001d524000 Uncommon trap: reason=bimorphic action=maybe_recompile pc=0x0000000004f15928 method=java.util.Properties.load0(Ljava/util/Properties$LineReader;)V @ 242
Event: 135.229 Thread 0x000000001d524000 Uncommon trap: reason=class_check action=maybe_recompile pc=0x00000000062ef9d0 method=scala.collection.immutable.Range.foreach(Lscala/Function1;)V @ 17
Event: 135.323 Thread 0x000000001d524000 Uncommon trap: reason=class_check action=maybe_recompile pc=0x0000000004af22d4 method=java.util.Properties.load0(Ljava/util/Properties$LineReader;)V @ 242
Event: 135.325 Thread 0x000000001d524000 Uncommon trap: reason=class_check action=maybe_recompile pc=0x0000000004af22d4 method=java.util.Properties.load0(Ljava/util/Properties$LineReader;)V @ 242
Event: 135.343 Thread 0x000000001d524000 Uncommon trap: reason=unstable_if action=reinterpret pc=0x0000000005404a74 method=java.util.AbstractMap.equals(Ljava/lang/Object;)Z @ 31
Event: 136.543 Thread 0x000000001d524000 Uncommon trap: reason=unstable_if action=reinterpret pc=0x0000000005893744 method=java.util.WeakHashMap.remove(Ljava/lang/Object;)Ljava/lang/Object; @ 94

Classes redefined (0 events):
No events

Internal exceptions (10 events):
Event: 134.464 Thread 0x000000001d524000 Exception <a 'java/net/SocketTimeoutException': Read timed out> (0x00000000e34de7a8) thrown at [D:\src\AOSP-openjdk-cygwin\jdk8u\hotspot\src\share\vm\prims\jni.cpp, line 735]
Event: 134.571 Thread 0x000000001d524000 Exception <a 'java/net/SocketTimeoutException': Read timed out> (0x00000000e34e3450) thrown at [D:\src\AOSP-openjdk-cygwin\jdk8u\hotspot\src\share\vm\prims\jni.cpp, line 735]
Event: 134.641 Thread 0x000000001d524000 Exception <a 'java/net/SocketTimeoutException': Read timed out> (0x00000000e34ec740) thrown at [D:\src\AOSP-openjdk-cygwin\jdk8u\hotspot\src\share\vm\prims\jni.cpp, line 735]
Event: 134.751 Thread 0x000000001d524000 Exception <a 'java/net/SocketTimeoutException': Read timed out> (0x00000000e34f13e8) thrown at [D:\src\AOSP-openjdk-cygwin\jdk8u\hotspot\src\share\vm\prims\jni.cpp, line 735]
Event: 137.288 Thread 0x000000001d524000 Exception <a 'java/net/SocketTimeoutException': Read timed out> (0x00000000e00e2370) thrown at [D:\src\AOSP-openjdk-cygwin\jdk8u\hotspot\src\share\vm\prims\jni.cpp, line 735]
Event: 137.451 Thread 0x000000001d524000 Exception <a 'java/net/SocketTimeoutException': Read timed out> (0x00000000e00e6b60) thrown at [D:\src\AOSP-openjdk-cygwin\jdk8u\hotspot\src\share\vm\prims\jni.cpp, line 735]
Event: 137.497 Thread 0x000000001d524000 Exception <a 'java/net/SocketTimeoutException': Read timed out> (0x00000000e01940a0) thrown at [D:\src\AOSP-openjdk-cygwin\jdk8u\hotspot\src\share\vm\prims\jni.cpp, line 735]
Event: 137.658 Thread 0x000000001d524000 Exception <a 'java/net/SocketTimeoutException': Read timed out> (0x00000000e0198900) thrown at [D:\src\AOSP-openjdk-cygwin\jdk8u\hotspot\src\share\vm\prims\jni.cpp, line 735]
Event: 138.065 Thread 0x000000001d524000 Exception <a 'java/net/SocketTimeoutException': Read timed out> (0x00000000e044b738) thrown at [D:\src\AOSP-openjdk-cygwin\jdk8u\hotspot\src\share\vm\prims\jni.cpp, line 735]
Event: 138.090 Thread 0x000000001d524000 Exception <a 'java/net/SocketTimeoutException': Read timed out> (0x00000000e0457d98) thrown at [D:\src\AOSP-openjdk-cygwin\jdk8u\hotspot\src\share\vm\prims\jni.cpp, line 735]

Events (10 events):
Event: 139.665 Thread 0x000000001f90a000 DEOPT PACKING pc=0x0000000005e68284 sp=0x0000000021c3f010
Event: 139.665 Thread 0x000000001f90a000 DEOPT UNPACKING pc=0x00000000049c75d0 sp=0x0000000021c3ed70 mode 1
Event: 139.677 Thread 0x000000001f90a000 DEOPT PACKING pc=0x0000000005e7629f sp=0x0000000021c3ef70
Event: 139.677 Thread 0x000000001f90a000 DEOPT UNPACKING pc=0x00000000049c75d0 sp=0x0000000021c3eca8 mode 1
Event: 139.677 Thread 0x000000001f90a000 DEOPT PACKING pc=0x0000000005e68284 sp=0x0000000021c3f010
Event: 139.677 Thread 0x000000001f90a000 DEOPT UNPACKING pc=0x00000000049c75d0 sp=0x0000000021c3ed70 mode 1
Event: 139.706 Thread 0x000000001f90a000 DEOPT PACKING pc=0x0000000005e7629f sp=0x0000000021c3ef70
Event: 139.706 Thread 0x000000001f90a000 DEOPT UNPACKING pc=0x00000000049c75d0 sp=0x0000000021c3eca8 mode 1
Event: 139.706 Thread 0x000000001f90a000 DEOPT PACKING pc=0x0000000005e68284 sp=0x0000000021c3f010
Event: 139.706 Thread 0x000000001f90a000 DEOPT UNPACKING pc=0x00000000049c75d0 sp=0x0000000021c3ed70 mode 1


Dynamic libraries:
0x00007ff616620000 - 0x00007ff616651000 	I:\Android\Android Studio Beta\jre\bin\java.exe
0x00007ffe1dfe0000 - 0x00007ffe1e1c0000 	C:\windows\SYSTEM32\ntdll.dll
0x00007ffe1dd80000 - 0x00007ffe1de2e000 	C:\windows\System32\KERNEL32.DLL
0x00007ffe1ae20000 - 0x00007ffe1b086000 	C:\windows\System32\KERNELBASE.dll
0x00007ffe1c670000 - 0x00007ffe1c711000 	C:\windows\System32\ADVAPI32.dll
0x00007ffe1c720000 - 0x00007ffe1c7bd000 	C:\windows\System32\msvcrt.dll
0x00007ffe1bad0000 - 0x00007ffe1bb2b000 	C:\windows\System32\sechost.dll
0x00007ffe1bf80000 - 0x00007ffe1c09f000 	C:\windows\System32\RPCRT4.dll
0x00007ffe1b4b0000 - 0x00007ffe1b63f000 	C:\windows\System32\USER32.dll
0x00007ffe1a440000 - 0x00007ffe1a460000 	C:\windows\System32\win32u.dll
0x00007ffe1baa0000 - 0x00007ffe1bac8000 	C:\windows\System32\GDI32.dll
0x00007ffe1b090000 - 0x00007ffe1b223000 	C:\windows\System32\gdi32full.dll
0x00007ffe1ad80000 - 0x00007ffe1ae1b000 	C:\windows\System32\msvcp_win.dll
0x00007ffe1a4e0000 - 0x00007ffe1a5d6000 	C:\windows\System32\ucrtbase.dll
0x00007ffe06ae0000 - 0x00007ffe06d49000 	C:\windows\WinSxS\amd64_microsoft.windows.common-controls_6595b64144ccf1df_6.0.16299.125_none_15cbcf8893620c09\COMCTL32.dll
0x00007ffe1c170000 - 0x00007ffe1c478000 	C:\windows\System32\combase.dll
0x00007ffe1a460000 - 0x00007ffe1a4d2000 	C:\windows\System32\bcryptPrimitives.dll
0x00007ffe1c7c0000 - 0x00007ffe1c7ed000 	C:\windows\System32\IMM32.DLL
0x000000005fea0000 - 0x000000005ff72000 	I:\Android\Android Studio Beta\jre\jre\bin\msvcr100.dll
0x000000005f370000 - 0x000000005fbb1000 	I:\Android\Android Studio Beta\jre\jre\bin\server\jvm.dll
0x00007ffe1c480000 - 0x00007ffe1c488000 	C:\windows\System32\PSAPI.DLL
0x00007ffe17d80000 - 0x00007ffe17d8a000 	C:\windows\SYSTEM32\VERSION.dll
0x00007ffe12de0000 - 0x00007ffe12e03000 	C:\windows\SYSTEM32\WINMM.dll
0x00007ffe182f0000 - 0x00007ffe182f9000 	C:\windows\SYSTEM32\WSOCK32.dll
0x00007ffe1b860000 - 0x00007ffe1b8cc000 	C:\windows\System32\WS2_32.dll
0x00007ffe12d80000 - 0x00007ffe12daa000 	C:\windows\SYSTEM32\WINMMBASE.dll
0x00007ffe1a5e0000 - 0x00007ffe1a62a000 	C:\windows\System32\cfgmgr32.dll
0x00007ffe18180000 - 0x00007ffe1818f000 	I:\Android\Android Studio Beta\jre\jre\bin\verify.dll
0x00007ffe15f70000 - 0x00007ffe15f99000 	I:\Android\Android Studio Beta\jre\jre\bin\java.dll
0x00007ffe13fc0000 - 0x00007ffe13ff5000 	I:\Android\Android Studio Beta\jre\jre\bin\jdwp.dll
0x00007ffe14f80000 - 0x00007ffe14f88000 	I:\Android\Android Studio Beta\jre\jre\bin\npt.dll
0x00007ffe18160000 - 0x00007ffe18176000 	I:\Android\Android Studio Beta\jre\jre\bin\zip.dll
0x00007ffe1c940000 - 0x00007ffe1dd76000 	C:\windows\System32\SHELL32.dll
0x00007ffe1c0a0000 - 0x00007ffe1c146000 	C:\windows\System32\shcore.dll
0x00007ffe1a630000 - 0x00007ffe1ad77000 	C:\windows\System32\windows.storage.dll
0x00007ffe1b8d0000 - 0x00007ffe1b921000 	C:\windows\System32\shlwapi.dll
0x00007ffe1a3a0000 - 0x00007ffe1a3b1000 	C:\windows\System32\kernel.appcore.dll
0x00007ffe1a350000 - 0x00007ffe1a39c000 	C:\windows\System32\powrprof.dll
0x00007ffe1a330000 - 0x00007ffe1a34b000 	C:\windows\System32\profapi.dll
0x00007ffe147f0000 - 0x00007ffe147f9000 	I:\Android\Android Studio Beta\jre\jre\bin\dt_socket.dll
0x00007ffdeb570000 - 0x00007ffdeb586000 	C:\windows\system32\napinsp.dll
0x00007ffdeb550000 - 0x00007ffdeb56a000 	C:\windows\system32\pnrpnsp.dll
0x00007ffe16420000 - 0x00007ffe16438000 	C:\windows\system32\NLAapi.dll
0x00007ffe19bc0000 - 0x00007ffe19c26000 	C:\windows\System32\mswsock.dll
0x00007ffe19990000 - 0x00007ffe19a46000 	C:\windows\SYSTEM32\DNSAPI.dll
0x00007ffe1dfa0000 - 0x00007ffe1dfa8000 	C:\windows\System32\NSI.dll
0x00007ffe19950000 - 0x00007ffe19989000 	C:\windows\SYSTEM32\IPHLPAPI.DLL
0x00007ffdeb360000 - 0x00007ffdeb36e000 	C:\windows\System32\winrnr.dll
0x00007ffdeb3c0000 - 0x00007ffdeb3d5000 	C:\windows\System32\wshbth.dll
0x00007ffe16b50000 - 0x00007ffe16bc0000 	C:\windows\System32\fwpuclnt.dll
0x00007ffe19e90000 - 0x00007ffe19eb5000 	C:\windows\SYSTEM32\bcrypt.dll
0x00007ffe13860000 - 0x00007ffe1386a000 	C:\Windows\System32\rasadhlp.dll
0x00007ffe15f10000 - 0x00007ffe15f2a000 	I:\Android\Android Studio Beta\jre\jre\bin\net.dll
0x00007ffe15e70000 - 0x00007ffe15e81000 	I:\Android\Android Studio Beta\jre\jre\bin\nio.dll
0x00007ffe13970000 - 0x00007ffe13994000 	I:\Android\Android Studio Beta\jre\jre\bin\sunec.dll
0x00007ffe19d90000 - 0x00007ffe19da7000 	C:\windows\SYSTEM32\CRYPTSP.dll
0x00007ffe197d0000 - 0x00007ffe19803000 	C:\windows\system32\rsaenh.dll
0x00007ffe1a230000 - 0x00007ffe1a259000 	C:\windows\SYSTEM32\USERENV.dll
0x00007ffe19d80000 - 0x00007ffe19d8b000 	C:\windows\SYSTEM32\CRYPTBASE.dll
0x00007ffe17db0000 - 0x00007ffe17dc6000 	C:\windows\SYSTEM32\dhcpcsvc6.DLL
0x00007ffe17d90000 - 0x00007ffe17daa000 	C:\windows\SYSTEM32\dhcpcsvc.DLL
0x00007ffe14790000 - 0x00007ffe1479b000 	I:\Android\Android Studio Beta\jre\jre\bin\sunmscapi.dll
0x00007ffe1b230000 - 0x00007ffe1b3fe000 	C:\windows\System32\CRYPT32.dll
0x00007ffe1a3c0000 - 0x00007ffe1a3d2000 	C:\windows\System32\MSASN1.dll
0x00007ffe14780000 - 0x00007ffe1478a000 	I:\TEMP\jansi-64-1-3615034158111084920.11
0x00007ffe15f60000 - 0x00007ffe15f6d000 	I:\Android\Android Studio Beta\jre\jre\bin\management.dll
0x00007ffe09580000 - 0x00007ffe095c2000 	I:\TEMP\jna-102858181\jna6345383070136205241.dll

VM Arguments:
jvm_args: -agentlib:jdwp=transport=dt_socket,address=localhost:61307,suspend=n,server=y -Xdebug -Xmx1536M -Didea.managed=true -Dfile.encoding=UTF-8 
java_command: C:\Users\lengw\.AndroidStudioPreview3.4\config\plugins\Scala\launcher\sbt-launch.jar --addPluginSbtFile=I:\TEMP\idea.sbt idea-shell
java_class_path (initial): C:\Users\lengw\.AndroidStudioPreview3.4\config\plugins\Scala\launcher\sbt-launch.jar
Launcher Type: SUN_STANDARD

Environment Variables:
JAVA_HOME=I:\Programme\Java
PATH=C:\Program Files (x86)\Common Files\Oracle\Java\javapath;C:\Program Files (x86)\Razer Chroma SDK\bin;C:\Program Files\Razer Chroma SDK\bin;C:\ProgramData\Oracle\Java\javapath;C:\Program Files (x86)\Common Files\Intel\Shared Libraries\redist\intel64\compiler;C:\Program Files (x86)\Common Files\Intel\Shared Libraries\redist\intel64\compiler;C:\WINDOWS\system32;C:\WINDOWS;C:\WINDOWS\System32\Wbem;C:\WINDOWS\System32\WindowsPowerShell\v1.0\;C:\Program Files (x86)\Livestreamer;C:\Program Files (x86)\NVIDIA Corporation\PhysX\Common;C:\Program Files\Microsoft SQL Server\130\Tools\Binn\;C:\Program Files (x86)\scala\bin;I:\Programme\Java\bin;C:\Program Files (x86)\Skype\Phone\;C:\Program Files (x86)\GtkSharp\2.12\bin;C:\ProgramData\chocolatey\bin;C:\WINDOWS\system32;C:\WINDOWS;C:\WINDOWS\System32\Wbem;C:\WINDOWS\System32\WindowsPowerShell\v1.0\;I:\Programme\Streamlink\bin;C:\Program Files\Docker\Docker\Resources\bin;C:\WINDOWS\system32\config\systemprofile\AppData\Local\Microsoft\WindowsApps;I:\Userfolder\Documents\FDK\Tools\win;C:\Program Files\Python36\Lib;C:\Program Files\Python36\DLLs;C:\Program Files\Python36;C:\Program Files\Python36\Lib\lib-tk;C:\Program Files\Git\cmd;I:\Strawberry\c\bin;I:\Strawberry\perl\site\bin;I:\Strawberry\perl\bin;I:\.bin;I:\cmder;I:\release-script;I:\Android\sdk\build-tools\28.0.0-rc1;C:\Program Files\nodejs\;I:\xampp\apache\bin;I:\Programme\Gpg4win\..\GnuPG\bin;I:\Android\sdk\platform-tools;;C:\Program Files\NVIDIA Corporation\NVIDIA NvDLISR;C:\Users\lengw\scoop\shims;I:\Ruby25-x64\bin;C:\Users\lengw\AppData\Local\Microsoft\WindowsApps;C:\Users\lengw\AppData\Local\atom\bin;C:\Program Files\Python36;C:\Program Files\Python36\Lib;C:\Program Files\Python36\DLLs;C:\Program Files\Python36\Lib\lib-tk;C:\Users\lengw\AppData\Roaming\npm;I:\Android\sdk\platform-tools;
USERNAME=lengw
OS=Windows_NT
PROCESSOR_IDENTIFIER=Intel64 Family 6 Model 60 Stepping 3, GenuineIntel



---------------  S Y S T E M  ---------------

OS: Windows 10.0 , 64 bit Build 16299 (10.0.16299.15)

CPU:total 8 (initial active 8) (4 cores per cpu, 2 threads per core) family 6 model 60 stepping 3, cmov, cx8, fxsr, mmx, sse, sse2, sse3, ssse3, sse4.1, sse4.2, popcnt, avx, avx2, aes, clmul, erms, lzcnt, ht, tsc, tscinvbit, bmi1, bmi2

Memory: 4k page, physical 16728380k(777596k free), swap 32235808k(7536k free)

vm_info: OpenJDK 64-Bit Server VM (25.152-b01) for windows-amd64 JRE (1.8.0_152-release-1248-b01), built by "builder" with MS VC++ 10.0 (VS2010)

time: Sat Jan 05 23:43:42 2019
elapsed time: 139 seconds (0d 0h 2m 19s)

